******11:44:25******
【Source】DealDisplay
【ErrorType】System.IndexOutOfRangeException
【TargetSite】Void InitGrabImage()
【Message】索引超出了数组界限。
【StackTrace】   在 DealDisplay.BaseUCDisplaySum.InitGrabImage()


******11:45:03******
【Source】DealDisplay
【ErrorType】System.IndexOutOfRangeException
【TargetSite】Void InitGrabImage()
【Message】索引超出了数组界限。
【StackTrace】   在 DealDisplay.BaseUCDisplaySum.InitGrabImage()


******11:46:07******
【Source】DealDisplay
【ErrorType】System.IndexOutOfRangeException
【TargetSite】Void InitGrabImage()
【Message】索引超出了数组界限。
【StackTrace】   在 DealDisplay.BaseUCDisplaySum.InitGrabImage()


******11:46:48******
【Source】DealDisplay
【ErrorType】System.IndexOutOfRangeException
【TargetSite】Void InitGrabImage()
【Message】索引超出了数组界限。
【StackTrace】   在 DealDisplay.BaseUCDisplaySum.InitGrabImage()


******11:48:04******
【Source】DealDisplay
【ErrorType】System.IndexOutOfRangeException
【TargetSite】Void InitGrabImage()
【Message】索引超出了数组界限。
【StackTrace】   在 DealDisplay.BaseUCDisplaySum.InitGrabImage()


******11:49:12******
【Source】DealDisplay
【ErrorType】System.IndexOutOfRangeException
【TargetSite】Void InitGrabImage()
【Message】索引超出了数组界限。
【StackTrace】   在 DealDisplay.BaseUCDisplaySum.InitGrabImage()


******11:50:38******
【Source】DealDisplay
【ErrorType】System.IndexOutOfRangeException
【TargetSite】Void InitGrabImage()
【Message】索引超出了数组界限。
【StackTrace】   在 DealDisplay.BaseUCDisplaySum.InitGrabImage()


******11:51:22******
【Source】DealDisplay
【ErrorType】System.IndexOutOfRangeException
【TargetSite】Void InitGrabImage()
【Message】索引超出了数组界限。
【StackTrace】   在 DealDisplay.BaseUCDisplaySum.InitGrabImage()


******11:53:00******
【Source】DealDisplay
【ErrorType】System.IndexOutOfRangeException
【TargetSite】Void InitGrabImage()
【Message】索引超出了数组界限。
【StackTrace】   在 DealDisplay.BaseUCDisplaySum.InitGrabImage()


******11:53:32******
【Source】DealDisplay
【ErrorType】System.IndexOutOfRangeException
【TargetSite】Void InitGrabImage()
【Message】索引超出了数组界限。
【StackTrace】   在 DealDisplay.BaseUCDisplaySum.InitGrabImage()


******11:54:30******
【Source】DealDisplay
【ErrorType】System.IndexOutOfRangeException
【TargetSite】Void InitGrabImage()
【Message】索引超出了数组界限。
【StackTrace】   在 DealDisplay.BaseUCDisplaySum.InitGrabImage()


******11:55:55******
【Source】DealDisplay
【ErrorType】System.IndexOutOfRangeException
【TargetSite】Void InitGrabImage()
【Message】索引超出了数组界限。
【StackTrace】   在 DealDisplay.BaseUCDisplaySum.InitGrabImage()


******11:57:12******
【Source】DealDisplay
【ErrorType】System.IndexOutOfRangeException
【TargetSite】Void InitGrabImage()
【Message】索引超出了数组界限。
【StackTrace】   在 DealDisplay.BaseUCDisplaySum.InitGrabImage()


******11:59:40******
【Source】DealDisplay
【ErrorType】System.IndexOutOfRangeException
【TargetSite】Void InitGrabImage()
【Message】索引超出了数组界限。
【StackTrace】   在 DealDisplay.BaseUCDisplaySum.InitGrabImage()


